<?xml version="1.0" encoding="UTF-8"?>
<!-- Generated by org.testng.reporters.JUnitReportReporter -->
<testsuite hostname="RAHUL-MANDAL" failures="0" tests="3" name="final_Project.contactsection" time="13.602" errors="0" timestamp="2021-08-27T00:21:39 IST" skipped="0">
  <testcase classname="final_Project.contactsection" name="contact" time="12.567"/>
  <system-out/>
  <testcase classname="final_Project.contactsection" name="blankmessage" time="0.206"/>
  <system-out/>
  <testcase classname="final_Project.contactsection" name="newMessage" time="0.829"/>
  <system-out/>
</testsuite> <!-- final_Project.contactsection -->
