<?xml version="1.0" encoding="UTF-8"?>
<testng-results ignored="0" total="1" passed="1" failed="0" skipped="0">
  <reporter-output>
  </reporter-output>
  <suite started-at="2021-08-27T00:36:01 IST" name="Default suite" finished-at="2021-08-27T00:36:21 IST" duration-ms="19434">
    <groups>
    </groups>
    <test started-at="2021-08-27T00:36:01 IST" name="Default test" finished-at="2021-08-27T00:36:21 IST" duration-ms="19434">
      <class name="final_Project.wrongCreditDetail">
        <test-method signature="phoneorder()[pri:1, instance:final_Project.wrongCreditDetail@5f16132a]" started-at="2021-08-27T00:36:01 IST" name="phoneorder" finished-at="2021-08-27T00:36:21 IST" duration-ms="19401" status="PASS">
          <reporter-output>
          </reporter-output>
        </test-method> <!-- phoneorder -->
      </class> <!-- final_Project.wrongCreditDetail -->
    </test> <!-- Default test -->
  </suite> <!-- Default suite -->
</testng-results>
